C:\Program Files\Microsoft Visual Studio\18\Community\MSBuild\Microsoft\VC\v180\Microsoft.CppBuild.targets(551,5): warning MSB8028: The intermediate directory (x64\Release\) contains files shared from another project (ray_tracer.vcxproj).  This can lead to incorrect clean and rebuild behavior.
C:\Program Files\Microsoft Visual Studio\18\Community\MSBuild\Microsoft\VC\v180\Microsoft.CppBuild.targets(551,5): warning MSB8028: The intermediate directory (x64\Release\) contains files shared from another project (raytracing_book.vcxproj).  This can lead to incorrect clean and rebuild behavior.
  [build_cuda] launcher: Acquired CUDA build lock
  [build_cuda] launcher: Released CUDA build lock
  image_writer.cpp
cpu_renderer.lib(cpu_interface.obj) : warning LNK4006: "public: static class aabb const aabb::empty" (?empty@aabb@@2V1@B) already defined in scene_serializer.obj; second definition ignored
cpu_renderer.lib(cpu_interface.obj) : warning LNK4006: "public: static class interval const interval::universe" (?universe@interval@@2V1@B) already defined in scene_serializer.obj; second definition ignored
cpu_renderer.lib(cpu_interface.obj) : warning LNK4006: "public: static class interval const interval::empty" (?empty@interval@@2V1@B) already defined in scene_serializer.obj; second definition ignored
cpu_renderer.lib(cpu_interface.obj) : warning LNK4006: "public: static class aabb const aabb::universe" (?universe@aabb@@2V1@B) already defined in scene_serializer.obj; second definition ignored
cpu_renderer.lib(cpu_interface.obj) : warning LNK4006: stbi_info_from_callbacks already defined in scene_serializer.obj; second definition ignored
cpu_renderer.lib(cpu_interface.obj) : warning LNK4006: stbi_info_from_memory already defined in scene_serializer.obj; second definition ignored
cpu_renderer.lib(cpu_interface.obj) : warning LNK4006: stbi_info_from_file already defined in scene_serializer.obj; second definition ignored
cpu_renderer.lib(cpu_interface.obj) : warning LNK4006: stbi_info already defined in scene_serializer.obj; second definition ignored
cpu_renderer.lib(cpu_interface.obj) : warning LNK4006: stbi_convert_iphone_png_to_rgb already defined in scene_serializer.obj; second definition ignored
cpu_renderer.lib(cpu_interface.obj) : warning LNK4006: stbi_set_unpremultiply_on_load already defined in scene_serializer.obj; second definition ignored
cpu_renderer.lib(cpu_interface.obj) : warning LNK4006: stbi_zlib_decode_noheader_buffer already defined in scene_serializer.obj; second definition ignored
cpu_renderer.lib(cpu_interface.obj) : warning LNK4006: stbi_zlib_decode_noheader_malloc already defined in scene_serializer.obj; second definition ignored
cpu_renderer.lib(cpu_interface.obj) : warning LNK4006: stbi_zlib_decode_buffer already defined in scene_serializer.obj; second definition ignored
cpu_renderer.lib(cpu_interface.obj) : warning LNK4006: stbi_zlib_decode_malloc_guesssize_headerflag already defined in scene_serializer.obj; second definition ignored
cpu_renderer.lib(cpu_interface.obj) : warning LNK4006: stbi_zlib_decode_malloc already defined in scene_serializer.obj; second definition ignored
cpu_renderer.lib(cpu_interface.obj) : warning LNK4006: stbi_zlib_decode_malloc_guesssize already defined in scene_serializer.obj; second definition ignored
cpu_renderer.lib(cpu_interface.obj) : warning LNK4006: stbi_hdr_to_ldr_scale already defined in scene_serializer.obj; second definition ignored
cpu_renderer.lib(cpu_interface.obj) : warning LNK4006: stbi_hdr_to_ldr_gamma already defined in scene_serializer.obj; second definition ignored
cpu_renderer.lib(cpu_interface.obj) : warning LNK4006: stbi_ldr_to_hdr_scale already defined in scene_serializer.obj; second definition ignored
cpu_renderer.lib(cpu_interface.obj) : warning LNK4006: stbi_ldr_to_hdr_gamma already defined in scene_serializer.obj; second definition ignored
cpu_renderer.lib(cpu_interface.obj) : warning LNK4006: stbi_is_hdr_from_callbacks already defined in scene_serializer.obj; second definition ignored
cpu_renderer.lib(cpu_interface.obj) : warning LNK4006: stbi_is_hdr_from_file already defined in scene_serializer.obj; second definition ignored
cpu_renderer.lib(cpu_interface.obj) : warning LNK4006: stbi_is_hdr already defined in scene_serializer.obj; second definition ignored
cpu_renderer.lib(cpu_interface.obj) : warning LNK4006: stbi_is_hdr_from_memory already defined in scene_serializer.obj; second definition ignored
cpu_renderer.lib(cpu_interface.obj) : warning LNK4006: stbi_loadf_from_file already defined in scene_serializer.obj; second definition ignored
cpu_renderer.lib(cpu_interface.obj) : warning LNK4006: stbi_loadf already defined in scene_serializer.obj; second definition ignored
cpu_renderer.lib(cpu_interface.obj) : warning LNK4006: stbi_loadf_from_callbacks already defined in scene_serializer.obj; second definition ignored
cpu_renderer.lib(cpu_interface.obj) : warning LNK4006: stbi_loadf_from_memory already defined in scene_serializer.obj; second definition ignored
cpu_renderer.lib(cpu_interface.obj) : warning LNK4006: stbi_load_from_callbacks already defined in scene_serializer.obj; second definition ignored
cpu_renderer.lib(cpu_interface.obj) : warning LNK4006: stbi_load_from_memory already defined in scene_serializer.obj; second definition ignored
cpu_renderer.lib(cpu_interface.obj) : warning LNK4006: stbi_load_from_file already defined in scene_serializer.obj; second definition ignored
cpu_renderer.lib(cpu_interface.obj) : warning LNK4006: stbi_load already defined in scene_serializer.obj; second definition ignored
cpu_renderer.lib(cpu_interface.obj) : warning LNK4006: stbi_set_flip_vertically_on_load already defined in scene_serializer.obj; second definition ignored
cpu_renderer.lib(cpu_interface.obj) : warning LNK4006: stbi_image_free already defined in scene_serializer.obj; second definition ignored
cpu_renderer.lib(cpu_interface.obj) : warning LNK4006: stbi_failure_reason already defined in scene_serializer.obj; second definition ignored
cpu_renderer.lib(cpu_interface.obj) : warning LNK4006: "class aabb __cdecl operator+(class vec3 const &,class aabb const &)" (??H@YA?AVaabb@@AEBVvec3@@AEBV0@@Z) already defined in scene_serializer.obj; second definition ignored
cpu_renderer.lib(cpu_interface.obj) : warning LNK4006: "class aabb __cdecl operator+(class aabb const &,class vec3 const &)" (??H@YA?AVaabb@@AEBV0@AEBVvec3@@@Z) already defined in scene_serializer.obj; second definition ignored
cpu_renderer.lib(cpu_interface.obj) : warning LNK4006: "void __cdecl write_color(class std::basic_ostream<char,struct std::char_traits<char> > &,class vec3 const &)" (?write_color@@YAXAEAV?$basic_ostream@DU?$char_traits@D@std@@@std@@AEBVvec3@@@Z) already defined in scene_serializer.obj; second definition ignored
cpu_renderer.lib(cpu_interface.obj) : warning LNK4006: "class interval __cdecl operator+(double,class interval const &)" (??H@YA?AVinterval@@NAEBV0@@Z) already defined in scene_serializer.obj; second definition ignored
cpu_renderer.lib(cpu_interface.obj) : warning LNK4006: "class interval __cdecl operator+(class interval const &,double)" (??H@YA?AVinterval@@AEBV0@N@Z) already defined in scene_serializer.obj; second definition ignored
C:\Users\xinpe\source\repos\ray_tracer\x64\Release\ray_tracer.exe : warning LNK4088: image being generated due to /FORCE option; image may not run
  Generating code
  0 of 1431 functions ( 0.0%) were compiled, the rest were copied from previous compilation.
    0 functions were new in current compilation
    0 functions had inline decision re-evaluated but remain unchanged
  Finished generating code
cpu_renderer.lib(cpu_interface.obj) : warning LNK4006: "class aabb __cdecl operator+(class aabb const &,class vec3 const &)" (??H@YA?AVaabb@@AEBV0@AEBVvec3@@@Z) already defined in scene_serializer.obj; second definition ignored
cpu_renderer.lib(cpu_interface.obj) : warning LNK4006: "class interval __cdecl operator+(class interval const &,double)" (??H@YA?AVinterval@@AEBV0@N@Z) already defined in scene_serializer.obj; second definition ignored
cpu_renderer.lib(cpu_interface.obj) : warning LNK4006: "void __cdecl write_color(class std::basic_ostream<char,struct std::char_traits<char> > &,class vec3 const &)" (?write_color@@YAXAEAV?$basic_ostream@DU?$char_traits@D@std@@@std@@AEBVvec3@@@Z) already defined in scene_serializer.obj; second definition ignored
* CIL library *(* CIL module *) : warning LNK4006: "public: static class aabb const aabb::empty" (?empty@aabb@@2V1@B) already defined in scene_serializer.obj; second definition ignored
* CIL library *(* CIL module *) : warning LNK4006: "public: static class interval const interval::universe" (?universe@interval@@2V1@B) already defined in scene_serializer.obj; second definition ignored
* CIL library *(* CIL module *) : warning LNK4006: "public: static class interval const interval::empty" (?empty@interval@@2V1@B) already defined in scene_serializer.obj; second definition ignored
* CIL library *(* CIL module *) : warning LNK4006: "public: static class aabb const aabb::universe" (?universe@aabb@@2V1@B) already defined in scene_serializer.obj; second definition ignored
C:\Users\xinpe\source\repos\ray_tracer\x64\Release\ray_tracer.exe : warning LNK4088: image being generated due to /FORCE option; image may not run
  launcher.vcxproj -> C:\Users\xinpe\source\repos\ray_tracer\x64\Release\ray_tracer.exe
