c:\users\xinpe\source\repos\ray_tracer\gui_launcher\x64\release\vc145.pdb
c:\users\xinpe\source\repos\ray_tracer\gui_launcher\x64\release\main.obj
c:\users\xinpe\source\repos\ray_tracer\gui_launcher\x64\release\image_writer.obj
c:\users\xinpe\source\repos\ray_tracer\gui_launcher\x64\release\raytracergui.exe
c:\users\xinpe\source\repos\ray_tracer\gui_launcher\x64\release\raytracergui.pdb
c:\users\xinpe\source\repos\ray_tracer\gui_launcher\x64\release\gui_resource.res
c:\users\xinpe\source\repos\ray_tracer\gui_launcher\x64\release\raytracergui.ipdb
c:\users\xinpe\source\repos\ray_tracer\gui_launcher\x64\release\raytracergui.iobj
c:\users\xinpe\source\repos\ray_tracer\gui_launcher\x64\release\raytracergui.vcxproj.filelistabsolute.txt
c:\users\xinpe\source\repos\ray_tracer\gui_launcher\x64\release\raytracergui.tlog\cl.command.1.tlog
c:\users\xinpe\source\repos\ray_tracer\gui_launcher\x64\release\raytracergui.tlog\cl.items.tlog
c:\users\xinpe\source\repos\ray_tracer\gui_launcher\x64\release\raytracergui.tlog\cl.read.1.tlog
c:\users\xinpe\source\repos\ray_tracer\gui_launcher\x64\release\raytracergui.tlog\cl.write.1.tlog
c:\users\xinpe\source\repos\ray_tracer\gui_launcher\x64\release\raytracergui.tlog\link.command.1.tlog
c:\users\xinpe\source\repos\ray_tracer\gui_launcher\x64\release\raytracergui.tlog\link.read.1.tlog
c:\users\xinpe\source\repos\ray_tracer\gui_launcher\x64\release\raytracergui.tlog\link.secondary.1.tlog
c:\users\xinpe\source\repos\ray_tracer\gui_launcher\x64\release\raytracergui.tlog\link.write.1.tlog
c:\users\xinpe\source\repos\ray_tracer\gui_launcher\x64\release\raytracergui.tlog\rc.command.1.tlog
c:\users\xinpe\source\repos\ray_tracer\gui_launcher\x64\release\raytracergui.tlog\rc.read.1.tlog
c:\users\xinpe\source\repos\ray_tracer\gui_launcher\x64\release\raytracergui.tlog\rc.write.1.tlog
